<?xml version="1.0" encoding="UTF-8"?>
<!-- Generated by org.testng.reporters.JUnitXMLReporter -->
<testsuite ignored="0" hostname="DESKTOP-N1RD257" failures="0" tests="4" name="Default test" time="5.998" errors="0" timestamp="2024-05-15T14:41:44 BDT">
  <testcase classname="RestAssuredDemo.HTTPRequests" name="getUsers" time="3.259"/>
  <testcase classname="RestAssuredDemo.HTTPRequests" name="createUser" time="0.948"/>
  <testcase classname="RestAssuredDemo.HTTPRequests" name="updateUser" time="0.823"/>
  <testcase classname="RestAssuredDemo.HTTPRequests" name="deleteUser" time="0.907"/>
</testsuite> <!-- Default test -->
