<?xml version="1.0" encoding="UTF-8"?>
<testng-results ignored="0" total="4" passed="4" failed="0" skipped="0">
  <reporter-output>
  </reporter-output>
  <suite started-at="2024-05-15T14:41:38 BDT" name="Default suite" finished-at="2024-05-15T14:41:44 BDT" duration-ms="5998">
    <groups>
    </groups>
    <test started-at="2024-05-15T14:41:38 BDT" name="Default test" finished-at="2024-05-15T14:41:44 BDT" duration-ms="5998">
      <class name="RestAssuredDemo.HTTPRequests">
        <test-method signature="getUsers()[pri:1, instance:RestAssuredDemo.HTTPRequests@481a996b]" started-at="2024-05-15T14:41:38 BDT" name="getUsers" finished-at="2024-05-15T14:41:41 BDT" duration-ms="3259" status="PASS">
          <reporter-output>
          </reporter-output>
        </test-method> <!-- getUsers -->
        <test-method signature="createUser()[pri:2, instance:RestAssuredDemo.HTTPRequests@481a996b]" started-at="2024-05-15T14:41:41 BDT" name="createUser" finished-at="2024-05-15T14:41:42 BDT" duration-ms="948" status="PASS">
          <reporter-output>
          </reporter-output>
        </test-method> <!-- createUser -->
        <test-method signature="updateUser()[pri:3, instance:RestAssuredDemo.HTTPRequests@481a996b]" started-at="2024-05-15T14:41:42 BDT" name="updateUser" finished-at="2024-05-15T14:41:43 BDT" depends-on-methods="RestAssuredDemo.HTTPRequests.createUser" duration-ms="823" status="PASS">
          <reporter-output>
          </reporter-output>
        </test-method> <!-- updateUser -->
        <test-method signature="deleteUser()[pri:4, instance:RestAssuredDemo.HTTPRequests@481a996b]" started-at="2024-05-15T14:41:43 BDT" name="deleteUser" finished-at="2024-05-15T14:41:44 BDT" duration-ms="907" status="PASS">
          <reporter-output>
          </reporter-output>
        </test-method> <!-- deleteUser -->
      </class> <!-- RestAssuredDemo.HTTPRequests -->
    </test> <!-- Default test -->
  </suite> <!-- Default suite -->
</testng-results>
